Starting embedding generation (using Voyage AI voyage-multilingual-2)...

Generating embeddings for 341 votings...
  Processed 10/341 votings (API calls: 1, ~0K tokens)
  Processed 20/341 votings (API calls: 2, ~0K tokens)
  Processed 30/341 votings (API calls: 3, ~0K tokens)
  Processed 40/341 votings (API calls: 4, ~0K tokens)
  Processed 50/341 votings (API calls: 5, ~0K tokens)
  Processed 60/341 votings (API calls: 6, ~0K tokens)
  Processed 70/341 votings (API calls: 7, ~0K tokens)
  Processed 80/341 votings (API calls: 8, ~0K tokens)
  Processed 90/341 votings (API calls: 9, ~0K tokens)
  Processed 100/341 votings (API calls: 10, ~0K tokens)
  Processed 110/341 votings (API calls: 11, ~0K tokens)
  Processed 120/341 votings (API calls: 12, ~0K tokens)
  Processed 130/341 votings (API calls: 13, ~1K tokens)
  Processed 140/341 votings (API calls: 14, ~1K tokens)
  Processed 150/341 votings (API calls: 15, ~1K tokens)
  Processed 160/341 votings (API calls: 16, ~1K tokens)
  Processed 170/341 votings (API calls: 17, ~1K tokens)
  Processed 180/341 votings (API calls: 18, ~1K tokens)
  Processed 190/341 votings (API calls: 19, ~1K tokens)
  Processed 200/341 votings (API calls: 20, ~1K tokens)
  Processed 210/341 votings (API calls: 21, ~1K tokens)
  Processed 220/341 votings (API calls: 22, ~1K tokens)
  Processed 230/341 votings (API calls: 23, ~1K tokens)
  Processed 240/341 votings (API calls: 24, ~1K tokens)
  Processed 250/341 votings (API calls: 25, ~1K tokens)
  Processed 260/341 votings (API calls: 26, ~1K tokens)
  Processed 270/341 votings (API calls: 27, ~1K tokens)
  Processed 280/341 votings (API calls: 28, ~1K tokens)
  Processed 290/341 votings (API calls: 29, ~1K tokens)
  Processed 300/341 votings (API calls: 30, ~1K tokens)
  Processed 310/341 votings (API calls: 31, ~1K tokens)
  Processed 320/341 votings (API calls: 32, ~1K tokens)
  Processed 330/341 votings (API calls: 33, ~1K tokens)
  Processed 340/341 votings (API calls: 34, ~1K tokens)
  Processed 341/341 votings (API calls: 35, ~1K tokens)
Generated 341 vote embeddings

Generating embeddings for 200 stenograms...
  Processed 10/200 stenograms (API calls: 45, ~21K tokens)
  Processed 20/200 stenograms (API calls: 55, ~41K tokens)
  Processed 30/200 stenograms (API calls: 65, ~61K tokens)
  Processed 40/200 stenograms (API calls: 75, ~81K tokens)
  Processed 50/200 stenograms (API calls: 85, ~99K tokens)
  Processed 60/200 stenograms (API calls: 95, ~119K tokens)
  Processed 70/200 stenograms (API calls: 105, ~139K tokens)
  Processed 80/200 stenograms (API calls: 115, ~157K tokens)
Error generating embeddings: Error: HARD LIMIT: Max runtime of 60 minutes exceeded
    at checkLimits (/home/ubuntu/riigikogu-radar/riigikogu-radar/src/lib/data/embeddings.ts:31:11)
    at generateSpeechEmbeddings (/home/ubuntu/riigikogu-radar/riigikogu-radar/src/lib/data/embeddings.ts:161:7)
    at async main (/home/ubuntu/riigikogu-radar/riigikogu-radar/scripts/generate-embeddings.ts:23:25)
