=== Starting database fill process ===
Target: 80% capacity (~410 MB)
Tue Feb  3 10:48:30 UTC 2026

=== Syncing votings for 2020 ===

Syncing votings for 2020...
  Date range: 2020-01-01 to 2020-12-31
  Rate limited - delay increased to 1.0s
  Rate limited - delay increased to 2.0s
  Rate limited - delay increased to 4.0s
  Rate limited - delay increased to 8.0s
  Rate limited - delay increased to 16.0s
  Rate limited - delay increased to 32.0s
  Rate limited - delay increased to 64.0s
  Rate limited - delay increased to 120.0s
  Rate limited - delay increased to 120.0s
  Rate limited - delay increased to 120.0s
  Rate limited - delay increased to 120.0s
  Found 495 votings (delay: 108.0s)
  Size check: 180.79MB / 480MB
  Size check: 180.79MB / 480MB
  Size check: 180.79MB / 480MB
  Size check: 180.79MB / 480MB
  Size check: 180.79MB / 480MB
  Size check: 180.79MB / 480MB
  Size check: 180.79MB / 480MB
  Size check: 180.79MB / 480MB
  Size check: 180.79MB / 480MB
  Year 2020 complete: 0 inserted, 495 skipped, 0 errors

=== Syncing votings for 2019 ===

Syncing votings for 2019...
  Date range: 2019-04-04 to 2019-12-31
  Found 270 votings (delay: 0.5s)
  Rate limited - delay increased to 0.9s
  2019: 1/270 inserted (delay: 0.8s)
  Rate limited - delay increased to 1.6s
  Rate limited - delay increased to 1.7s
  2019: 10/270 inserted (delay: 1.3s)
  Rate limited - delay increased to 1.6s
  2019: 20/270 inserted (delay: 0.9s)
  Rate limited - delay increased to 1.8s
  Rate limited - delay increased to 1.7s
  2019: 30/270 inserted (delay: 1.2s)
  Rate limited - delay increased to 1.8s
  2019: 40/270 inserted (delay: 0.9s)
  Rate limited - delay increased to 1.7s
  Rate limited - delay increased to 1.8s
  2019: 50/270 inserted (delay: 1.2s)
  Size check: 181.46MB / 480MB
  Rate limited - delay increased to 1.7s
  2019: 60/270 inserted (delay: 0.8s)
  Rate limited - delay increased to 1.7s
  Rate limited - delay increased to 1.8s
  2019: 70/270 inserted (delay: 1.2s)
  Rate limited - delay increased to 1.7s
  Rate limited - delay increased to 1.8s
  2019: 80/270 inserted (delay: 1.6s)
  Rate limited - delay increased to 1.7s
  2019: 90/270 inserted (delay: 1.1s)
  Rate limited - delay increased to 1.6s
  Rate limited - delay increased to 1.7s
  2019: 100/270 inserted (delay: 1.6s)
  Size check: 182.07MB / 480MB
  Rate limited - delay increased to 1.7s
  2019: 110/270 inserted (delay: 1.1s)
  Rate limited - delay increased to 1.8s
  Rate limited - delay increased to 3.2s
  2019: 120/270 inserted (delay: 1.5s)
  Rate limited - delay increased to 1.8s
  2019: 130/270 inserted (delay: 1.1s)
  Rate limited - delay increased to 1.7s
  Rate limited - delay increased to 1.6s
  2019: 140/270 inserted (delay: 1.5s)
  Rate limited - delay increased to 1.8s
  2019: 150/270 inserted (delay: 1.0s)
  Size check: 182.68MB / 480MB
  Rate limited - delay increased to 1.7s
  Rate limited - delay increased to 1.8s
  2019: 160/270 inserted (delay: 1.4s)
  Rate limited - delay increased to 1.7s
  2019: 170/270 inserted (delay: 1.0s)
  Rate limited - delay increased to 1.8s
  Rate limited - delay increased to 1.7s
  2019: 180/270 inserted (delay: 1.4s)
  Rate limited - delay increased to 1.7s
  2019: 190/270 inserted (delay: 1.0s)
  Rate limited - delay increased to 1.8s
  Rate limited - delay increased to 1.7s
  2019: 200/270 inserted (delay: 1.4s)
  Size check: 183.30MB / 480MB
  Rate limited - delay increased to 1.6s
  2019: 210/270 inserted (delay: 1.0s)
  Rate limited - delay increased to 1.7s
  Rate limited - delay increased to 1.6s
  2019: 220/270 inserted (delay: 1.3s)
  Rate limited - delay increased to 1.7s
  2019: 230/270 inserted (delay: 0.9s)
  Rate limited - delay increased to 1.7s
  Rate limited - delay increased to 1.6s
  2019: 240/270 inserted (delay: 1.3s)
  Rate limited - delay increased to 1.7s
  2019: 250/270 inserted (delay: 0.9s)
  Size check: 184.01MB / 480MB
  Rate limited - delay increased to 1.6s
  Rate limited - delay increased to 1.7s
  2019: 260/270 inserted (delay: 1.3s)
  Rate limited - delay increased to 1.6s
  2019: 270/270 inserted (delay: 0.9s)
  Year 2019 complete: 270 inserted, 0 skipped, 0 errors

=== Syncing stenograms for 2022 ===

Syncing stenograms for 2022...
  Date range: 2022-01-01 to 2022-12-31
  Found 163 stenograms (delay: 0.5s)
  2022: 1 stenograms (202 speakers)
  2022: 2 stenograms (288 speakers)
  2022: 3 stenograms (104 speakers)
  2022: 4 stenograms (284 speakers)
  2022: 5 stenograms (62 speakers)
  Size check: 185.04MB / 480MB
  2022: 6 stenograms (198 speakers)
  2022: 7 stenograms (219 speakers)
  2022: 8 stenograms (130 speakers)
  2022: 9 stenograms (564 speakers)
  2022: 10 stenograms (129 speakers)
  Size check: 186.06MB / 480MB
  2022: 11 stenograms (247 speakers)
  2022: 12 stenograms (241 speakers)
  2022: 13 stenograms (129 speakers)
  2022: 14 stenograms (743 speakers)
  2022: 15 stenograms (72 speakers)
  Size check: 187.38MB / 480MB
  2022: 16 stenograms (272 speakers)
  2022: 17 stenograms (38 speakers)
  2022: 18 stenograms (114 speakers)
  2022: 19 stenograms (499 speakers)
  2022: 20 stenograms (164 speakers)
  Size check: 188.43MB / 480MB
  2022: 21 stenograms (349 speakers)
  2022: 22 stenograms (189 speakers)
  2022: 23 stenograms (141 speakers)
  2022: 24 stenograms (413 speakers)
  2022: 25 stenograms (66 speakers)
  Size check: 189.44MB / 480MB
  2022: 26 stenograms (327 speakers)
  2022: 27 stenograms (136 speakers)
  2022: 28 stenograms (128 speakers)
  2022: 29 stenograms (284 speakers)
  2022: 30 stenograms (48 speakers)
  Size check: 190.24MB / 480MB
  2022: 31 stenograms (116 speakers)
  2022: 32 stenograms (30 speakers)
  2022: 33 stenograms (118 speakers)
  2022: 34 stenograms (129 speakers)
  2022: 35 stenograms (272 speakers)
  Size check: 190.96MB / 480MB
  2022: 36 stenograms (22 speakers)
  2022: 37 stenograms (120 speakers)
  2022: 38 stenograms (111 speakers)
  2022: 39 stenograms (139 speakers)
  2022: 40 stenograms (193 speakers)
  Size check: 191.52MB / 480MB
  2022: 41 stenograms (30 speakers)
  2022: 42 stenograms (175 speakers)
  2022: 43 stenograms (186 speakers)
  2022: 44 stenograms (132 speakers)
  2022: 45 stenograms (464 speakers)
  Size check: 192.40MB / 480MB
  2022: 46 stenograms (227 speakers)
  2022: 47 stenograms (367 speakers)
  2022: 48 stenograms (108 speakers)
  2022: 49 stenograms (146 speakers)
  2022: 50 stenograms (617 speakers)
  Size check: 193.68MB / 480MB
  2022: 51 stenograms (62 speakers)
  2022: 52 stenograms (226 speakers)
  2022: 53 stenograms (172 speakers)
  2022: 54 stenograms (3 speakers)
  2022: 55 stenograms (94 speakers)
  Size check: 194.25MB / 480MB
  2022: 56 stenograms (689 speakers)
  2022: 57 stenograms (165 speakers)
  2022: 58 stenograms (178 speakers)
  2022: 59 stenograms (136 speakers)
  2022: 60 stenograms (140 speakers)
  Size check: 195.50MB / 480MB
  2022: 61 stenograms (156 speakers)
  2022: 62 stenograms (70 speakers)
  2022: 63 stenograms (26 speakers)
  2022: 64 stenograms (296 speakers)
  2022: 65 stenograms (186 speakers)
  Size check: 196.31MB / 480MB
  2022: 66 stenograms (136 speakers)
  2022: 67 stenograms (120 speakers)
  2022: 68 stenograms (441 speakers)
  2022: 69 stenograms (44 speakers)
  2022: 70 stenograms (357 speakers)
  Size check: 197.29MB / 480MB
  2022: 71 stenograms (241 speakers)
  2022: 72 stenograms (124 speakers)
  2022: 73 stenograms (548 speakers)
  2022: 74 stenograms (65 speakers)
  2022: 75 stenograms (376 speakers)
  Size check: 198.59MB / 480MB
  2022: 76 stenograms (186 speakers)
  2022: 77 stenograms (117 speakers)
  2022: 78 stenograms (811 speakers)
  2022: 79 stenograms (18 speakers)
  2022: 80 stenograms (367 speakers)
  Size check: 199.97MB / 480MB
  2022: 81 stenograms (182 speakers)
  2022: 82 stenograms (121 speakers)
  2022: 83 stenograms (459 speakers)
  2022: 84 stenograms (214 speakers)
  2022: 85 stenograms (135 speakers)
  Size check: 200.99MB / 480MB
  2022: 86 stenograms (146 speakers)
  2022: 87 stenograms (117 speakers)
  2022: 88 stenograms (790 speakers)
  2022: 89 stenograms (73 speakers)
  2022: 90 stenograms (356 speakers)
  Size check: 202.12MB / 480MB
  2022: 91 stenograms (101 speakers)
  2022: 92 stenograms (143 speakers)
  2022: 93 stenograms (197 speakers)
  2022: 94 stenograms (24 speakers)
  2022: 95 stenograms (297 speakers)
  Size check: 202.58MB / 480MB
  2022: 96 stenograms (14 speakers)
  2022: 97 stenograms (83 speakers)
  2022: 98 stenograms (32 speakers)
  2022: 99 stenograms (8 speakers)
  2022: 100 stenograms (184 speakers)
  Size check: 202.84MB / 480MB
  2022: 101 stenograms (32 speakers)
  2022: 102 stenograms (78 speakers)
  2022: 103 stenograms (352 speakers)
  2022: 104 stenograms (258 speakers)
  2022: 105 stenograms (192 speakers)
  Size check: 203.60MB / 480MB
  2022: 106 stenograms (139 speakers)
  2022: 107 stenograms (369 speakers)
  2022: 108 stenograms (44 speakers)
  2022: 109 stenograms (95 speakers)
  2022: 110 stenograms (205 speakers)
  Size check: 204.39MB / 480MB
  2022: 111 stenograms (133 speakers)
  2022: 112 stenograms (117 speakers)
  2022: 113 stenograms (23 speakers)
  2022: 114 stenograms (241 speakers)
  2022: 115 stenograms (174 speakers)
  Size check: 205.03MB / 480MB
  2022: 116 stenograms (124 speakers)
  2022: 117 stenograms (344 speakers)
  2022: 118 stenograms (150 speakers)
  2022: 119 stenograms (238 speakers)
  2022: 120 stenograms (126 speakers)
  Size check: 206.03MB / 480MB
  2022: 121 stenograms (137 speakers)
  2022: 122 stenograms (82 speakers)
  2022: 123 stenograms (142 speakers)
  2022: 124 stenograms (277 speakers)
  2022: 125 stenograms (245 speakers)
  Size check: 206.83MB / 480MB
  2022: 126 stenograms (155 speakers)
  2022: 127 stenograms (637 speakers)
  2022: 128 stenograms (136 speakers)
  2022: 129 stenograms (491 speakers)
  2022: 130 stenograms (175 speakers)
  Size check: 208.30MB / 480MB
  2022: 131 stenograms (113 speakers)
  2022: 132 stenograms (393 speakers)
  2022: 133 stenograms (11 speakers)
  2022: 134 stenograms (361 speakers)
  2022: 135 stenograms (145 speakers)
  Size check: 209.25MB / 480MB
  2022: 136 stenograms (162 speakers)
  2022: 137 stenograms (177 speakers)
  2022: 138 stenograms (116 speakers)
  2022: 139 stenograms (222 speakers)
  2022: 140 stenograms (123 speakers)
  Size check: 209.98MB / 480MB
  2022: 141 stenograms (128 speakers)
  2022: 142 stenograms (483 speakers)
  2022: 143 stenograms (225 speakers)
  2022: 144 stenograms (284 speakers)
  2022: 145 stenograms (97 speakers)
  Size check: 211.03MB / 480MB
  2022: 146 stenograms (144 speakers)
  2022: 147 stenograms (283 speakers)
  2022: 148 stenograms (121 speakers)
  2022: 149 stenograms (430 speakers)
  2022: 150 stenograms (189 speakers)
  Size check: 212.05MB / 480MB
  2022: 151 stenograms (164 speakers)
  2022: 152 stenograms (359 speakers)
  2022: 153 stenograms (135 speakers)
  2022: 154 stenograms (81 speakers)
  2022: 155 stenograms (136 speakers)
  Size check: 212.89MB / 480MB
  2022: 156 stenograms (111 speakers)
  2022: 157 stenograms (246 speakers)
  2022: 158 stenograms (72 speakers)
  2022: 159 stenograms (68 speakers)
  2022: 160 stenograms (26 speakers)
  Size check: 213.36MB / 480MB
  2022: 161 stenograms (8 speakers)
  2022: 162 stenograms (52 speakers)
  2022: 163 stenograms (23 speakers)
  Year 2022 complete: 163 inserted, 0 skipped, 0 errors

=== Syncing stenograms for 2021 ===

Syncing stenograms for 2021...
  Date range: 2021-01-01 to 2021-12-31
  Found 149 stenograms (delay: 0.5s)
  2021: 1 stenograms (101 speakers)
  2021: 2 stenograms (128 speakers)
  2021: 3 stenograms (102 speakers)
  2021: 4 stenograms (318 speakers)
  2021: 5 stenograms (7 speakers)
  Size check: 214.05MB / 480MB
  2021: 6 stenograms (20 speakers)
  2021: 7 stenograms (2 speakers)
  2021: 8 stenograms (94 speakers)
  2021: 9 stenograms (40 speakers)
  2021: 10 stenograms (2 speakers)
  Size check: 214.17MB / 480MB
  2021: 11 stenograms (259 speakers)
  2021: 12 stenograms (86 speakers)
  2021: 13 stenograms (103 speakers)
  2021: 14 stenograms (48 speakers)
  2021: 15 stenograms (7 speakers)
  Size check: 214.57MB / 480MB
  2021: 16 stenograms (35 speakers)
  2021: 17 stenograms (121 speakers)
  2021: 18 stenograms (129 speakers)
  2021: 19 stenograms (55 speakers)
  2021: 20 stenograms (10 speakers)
  Size check: 214.87MB / 480MB
  2021: 21 stenograms (150 speakers)
  2021: 22 stenograms (221 speakers)
  2021: 23 stenograms (118 speakers)
  2021: 24 stenograms (179 speakers)
  2021: 25 stenograms (43 speakers)
  Size check: 215.48MB / 480MB
  2021: 26 stenograms (209 speakers)
  2021: 27 stenograms (98 speakers)
  2021: 28 stenograms (36 speakers)
  2021: 29 stenograms (134 speakers)
  2021: 30 stenograms (161 speakers)
  Size check: 216.12MB / 480MB
  2021: 31 stenograms (118 speakers)
  2021: 32 stenograms (1045 speakers)
  2021: 33 stenograms (184 speakers)
  2021: 34 stenograms (34 speakers)
  2021: 35 stenograms (148 speakers)
  Size check: 217.36MB / 480MB
  2021: 36 stenograms (98 speakers)
  2021: 37 stenograms (309 speakers)
  2021: 38 stenograms (36 speakers)
  2021: 39 stenograms (137 speakers)
  2021: 40 stenograms (130 speakers)
  Size check: 218.02MB / 480MB
  2021: 41 stenograms (111 speakers)
  2021: 42 stenograms (810 speakers)
  2021: 43 stenograms (80 speakers)
  2021: 44 stenograms (12 speakers)
  2021: 45 stenograms (149 speakers)
  Size check: 219.00MB / 480MB
  2021: 46 stenograms (75 speakers)
  2021: 47 stenograms (142 speakers)
  2021: 48 stenograms (733 speakers)
  2021: 49 stenograms (231 speakers)
  2021: 50 stenograms (654 speakers)
  Size check: 220.52MB / 480MB
  2021: 51 stenograms (211 speakers)
  2021: 52 stenograms (136 speakers)
  2021: 53 stenograms (675 speakers)
  2021: 54 stenograms (189 speakers)
  2021: 55 stenograms (188 speakers)
  Size check: 221.71MB / 480MB
  2021: 56 stenograms (157 speakers)
  2021: 57 stenograms (153 speakers)
  2021: 58 stenograms (115 speakers)
  2021: 59 stenograms (28 speakers)
  2021: 60 stenograms (269 speakers)
  Size check: 222.34MB / 480MB
  2021: 61 stenograms (103 speakers)
  2021: 62 stenograms (133 speakers)
  2021: 63 stenograms (123 speakers)
  2021: 64 stenograms (128 speakers)
  2021: 65 stenograms (304 speakers)
  Size check: 223.10MB / 480MB
  2021: 66 stenograms (175 speakers)
  2021: 67 stenograms (119 speakers)
  2021: 68 stenograms (239 speakers)
  2021: 69 stenograms (11 speakers)
  2021: 70 stenograms (226 speakers)
  Size check: 223.83MB / 480MB
  2021: 71 stenograms (286 speakers)
  2021: 72 stenograms (133 speakers)
  2021: 73 stenograms (610 speakers)
  2021: 74 stenograms (75 speakers)
  2021: 75 stenograms (324 speakers)
  Size check: 225.24MB / 480MB
  2021: 76 stenograms (150 speakers)
  2021: 77 stenograms (144 speakers)
  2021: 78 stenograms (420 speakers)
  2021: 79 stenograms (101 speakers)
  2021: 80 stenograms (501 speakers)
  Size check: 226.52MB / 480MB
  2021: 81 stenograms (328 speakers)
  2021: 82 stenograms (131 speakers)
  2021: 83 stenograms (1460 speakers)
  2021: 84 stenograms (121 speakers)
  2021: 85 stenograms (677 speakers)
  Size check: 228.47MB / 480MB
  2021: 86 stenograms (410 speakers)
  2021: 87 stenograms (64 speakers)
  2021: 88 stenograms (207 speakers)
  2021: 89 stenograms (104 speakers)
  2021: 90 stenograms (1169 speakers)
  Size check: 229.85MB / 480MB
  2021: 91 stenograms (181 speakers)
  2021: 92 stenograms (19 speakers)
  2021: 93 stenograms (20 speakers)
  2021: 94 stenograms (26 speakers)
  2021: 95 stenograms (439 speakers)
  Size check: 230.51MB / 480MB
  2021: 96 stenograms (180 speakers)
  2021: 97 stenograms (134 speakers)
  2021: 98 stenograms (231 speakers)
  2021: 99 stenograms (174 speakers)
  2021: 100 stenograms (320 speakers)
  Size check: 231.58MB / 480MB
  2021: 101 stenograms (121 speakers)
  2021: 102 stenograms (118 speakers)
  2021: 103 stenograms (48 speakers)
  2021: 104 stenograms (112 speakers)
  2021: 105 stenograms (189 speakers)
  Size check: 232.23MB / 480MB
  2021: 106 stenograms (162 speakers)
  2021: 107 stenograms (106 speakers)
  2021: 108 stenograms (356 speakers)
  2021: 109 stenograms (114 speakers)
  2021: 110 stenograms (119 speakers)
  Size check: 233.18MB / 480MB
  2021: 111 stenograms (174 speakers)
  2021: 112 stenograms (141 speakers)
  2021: 113 stenograms (210 speakers)
  2021: 114 stenograms (124 speakers)
  2021: 115 stenograms (63 speakers)
  Size check: 233.86MB / 480MB
  2021: 116 stenograms (83 speakers)
  2021: 117 stenograms (145 speakers)
  2021: 118 stenograms (457 speakers)
  2021: 119 stenograms (67 speakers)
  2021: 120 stenograms (223 speakers)
  Size check: 234.66MB / 480MB
  2021: 121 stenograms (161 speakers)
  2021: 122 stenograms (129 speakers)
  2021: 123 stenograms (585 speakers)
  2021: 124 stenograms (167 speakers)
  2021: 125 stenograms (22 speakers)
  Size check: 235.71MB / 480MB
  2021: 126 stenograms (265 speakers)
  2021: 127 stenograms (132 speakers)
  2021: 128 stenograms (485 speakers)
  2021: 129 stenograms (4 speakers)
  2021: 130 stenograms (12 speakers)
  Size check: 236.43MB / 480MB
  2021: 131 stenograms (61 speakers)
  2021: 132 stenograms (127 speakers)
  2021: 133 stenograms (645 speakers)
  2021: 134 stenograms (119 speakers)
  2021: 135 stenograms (117 speakers)
  Size check: 237.31MB / 480MB
  2021: 136 stenograms (168 speakers)
  2021: 137 stenograms (111 speakers)
  2021: 138 stenograms (600 speakers)
  2021: 139 stenograms (178 speakers)
  2021: 140 stenograms (200 speakers)
  Size check: 238.55MB / 480MB
  2021: 141 stenograms (204 speakers)
  2021: 142 stenograms (129 speakers)
  2021: 143 stenograms (367 speakers)
  2021: 144 stenograms (157 speakers)
  2021: 145 stenograms (394 speakers)
  Size check: 239.72MB / 480MB
  2021: 146 stenograms (158 speakers)
  2021: 147 stenograms (136 speakers)
  2021: 148 stenograms (195 speakers)
  2021: 149 stenograms (71 speakers)
  Year 2021 complete: 149 inserted, 0 skipped, 0 errors

=== Syncing stenograms for 2020 ===

Syncing stenograms for 2020...
  Date range: 2020-01-01 to 2020-12-31
  Found 139 stenograms (delay: 0.5s)
  2020: 1 stenograms (248 speakers)
  2020: 2 stenograms (39 speakers)
  2020: 3 stenograms (94 speakers)
  2020: 4 stenograms (113 speakers)
  2020: 5 stenograms (40 speakers)
  Size check: 240.80MB / 480MB
  2020: 6 stenograms (8 speakers)
  2020: 7 stenograms (80 speakers)
  2020: 8 stenograms (127 speakers)
  2020: 9 stenograms (205 speakers)
  2020: 10 stenograms (4 speakers)
  Size check: 241.17MB / 480MB
  2020: 11 stenograms (150 speakers)
  2020: 12 stenograms (73 speakers)
  2020: 13 stenograms (113 speakers)
  2020: 14 stenograms (451 speakers)
  2020: 15 stenograms (10 speakers)
  Size check: 242.03MB / 480MB
  2020: 16 stenograms (64 speakers)
  2020: 17 stenograms (146 speakers)
  2020: 18 stenograms (119 speakers)
  2020: 19 stenograms (71 speakers)
  2020: 20 stenograms (69 speakers)
  Size check: 242.49MB / 480MB
  2020: 21 stenograms (25 speakers)
  2020: 22 stenograms (67 speakers)
  2020: 23 stenograms (99 speakers)
  2020: 24 stenograms (62 speakers)
  2020: 25 stenograms (144 speakers)
  Size check: 242.94MB / 480MB
  2020: 26 stenograms (208 speakers)
  2020: 27 stenograms (116 speakers)
  2020: 28 stenograms (317 speakers)
  2020: 29 stenograms (76 speakers)
  2020: 30 stenograms (147 speakers)
  Size check: 243.76MB / 480MB
  2020: 31 stenograms (101 speakers)
  2020: 32 stenograms (107 speakers)
  2020: 33 stenograms (225 speakers)
  2020: 34 stenograms (160 speakers)
  2020: 35 stenograms (11 speakers)
  Size check: 244.37MB / 480MB
  2020: 36 stenograms (100 speakers)
  2020: 37 stenograms (42 speakers)
  2020: 38 stenograms (95 speakers)
  2020: 39 stenograms (31 speakers)
  2020: 40 stenograms (35 speakers)
  Size check: 244.69MB / 480MB
  2020: 41 stenograms (378 speakers)
  2020: 42 stenograms (29 speakers)
  2020: 43 stenograms (110 speakers)
  2020: 44 stenograms (2 speakers)
  2020: 45 stenograms (292 speakers)
  Size check: 245.48MB / 480MB
  2020: 46 stenograms (286 speakers)
  2020: 47 stenograms (89 speakers)
  2020: 48 stenograms (235 speakers)
  2020: 49 stenograms (106 speakers)
  2020: 50 stenograms (160 speakers)
  Size check: 246.36MB / 480MB
  2020: 51 stenograms (100 speakers)
  2020: 52 stenograms (69 speakers)
  2020: 53 stenograms (240 speakers)
  2020: 54 stenograms (137 speakers)
  2020: 55 stenograms (88 speakers)
  Size check: 247.01MB / 480MB
  2020: 56 stenograms (431 speakers)
  2020: 57 stenograms (121 speakers)
  2020: 58 stenograms (374 speakers)
  2020: 59 stenograms (42 speakers)
  2020: 60 stenograms (94 speakers)
  Size check: 248.02MB / 480MB
  2020: 61 stenograms (324 speakers)
  2020: 62 stenograms (5 speakers)
  2020: 63 stenograms (174 speakers)
  2020: 64 stenograms (184 speakers)
  2020: 65 stenograms (100 speakers)
  Size check: 248.80MB / 480MB
  2020: 66 stenograms (195 speakers)
  2020: 67 stenograms (91 speakers)
  2020: 68 stenograms (274 speakers)
  2020: 69 stenograms (130 speakers)
  2020: 70 stenograms (91 speakers)
  Size check: 249.55MB / 480MB
  2020: 71 stenograms (176 speakers)
  2020: 72 stenograms (70 speakers)
  2020: 73 stenograms (303 speakers)
  2020: 74 stenograms (159 speakers)
  2020: 75 stenograms (93 speakers)
  Size check: 250.38MB / 480MB
  2020: 76 stenograms (152 speakers)
  2020: 77 stenograms (137 speakers)
  2020: 78 stenograms (501 speakers)
  2020: 79 stenograms (194 speakers)
  2020: 80 stenograms (100 speakers)
  Size check: 251.48MB / 480MB
  2020: 81 stenograms (233 speakers)
  2020: 82 stenograms (36 speakers)
  2020: 83 stenograms (194 speakers)
  2020: 84 stenograms (88 speakers)
  2020: 85 stenograms (29 speakers)
  Size check: 252.05MB / 480MB
  2020: 86 stenograms (2 speakers)
  2020: 87 stenograms (101 speakers)
  2020: 88 stenograms (72 speakers)
  2020: 89 stenograms (8 speakers)
  2020: 90 stenograms (131 speakers)
  Size check: 252.35MB / 480MB
  2020: 91 stenograms (118 speakers)
  2020: 92 stenograms (96 speakers)
  2020: 93 stenograms (387 speakers)
  2020: 94 stenograms (96 speakers)
  2020: 95 stenograms (14 speakers)
  Size check: 252.98MB / 480MB
  2020: 96 stenograms (18 speakers)
  2020: 97 stenograms (89 speakers)
  2020: 98 stenograms (174 speakers)
  2020: 99 stenograms (74 speakers)
  2020: 100 stenograms (116 speakers)
  Size check: 253.46MB / 480MB
  2020: 101 stenograms (88 speakers)
  2020: 102 stenograms (91 speakers)
  2020: 103 stenograms (104 speakers)
  2020: 104 stenograms (144 speakers)
  2020: 105 stenograms (330 speakers)
  Size check: 254.20MB / 480MB
  2020: 106 stenograms (78 speakers)
  2020: 107 stenograms (98 speakers)
  2020: 108 stenograms (320 speakers)
  2020: 109 stenograms (148 speakers)
  2020: 110 stenograms (38 speakers)
  Size check: 254.81MB / 480MB
  2020: 111 stenograms (86 speakers)
  2020: 112 stenograms (89 speakers)
  2020: 113 stenograms (57 speakers)
  2020: 114 stenograms (12 speakers)
  2020: 115 stenograms (281 speakers)
  Size check: 255.29MB / 480MB
  2020: 116 stenograms (92 speakers)
  2020: 117 stenograms (84 speakers)
  2020: 118 stenograms (239 speakers)
  2020: 119 stenograms (24 speakers)
  2020: 120 stenograms (14 speakers)
  Size check: 255.73MB / 480MB
  2020: 121 stenograms (282 speakers)
  2020: 122 stenograms (89 speakers)
  2020: 123 stenograms (518 speakers)
  2020: 124 stenograms (155 speakers)
  2020: 125 stenograms (52 speakers)
  Size check: 256.73MB / 480MB
  2020: 126 stenograms (205 speakers)
  2020: 127 stenograms (85 speakers)
  2020: 128 stenograms (302 speakers)
  2020: 129 stenograms (105 speakers)
  2020: 130 stenograms (396 speakers)
  Size check: 257.94MB / 480MB
  2020: 131 stenograms (185 speakers)
  2020: 132 stenograms (105 speakers)
  2020: 133 stenograms (335 speakers)
  2020: 134 stenograms (141 speakers)
  2020: 135 stenograms (398 speakers)
  Size check: 258.95MB / 480MB
  2020: 136 stenograms (166 speakers)
  2020: 137 stenograms (80 speakers)
  2020: 138 stenograms (328 speakers)
  2020: 139 stenograms (140 speakers)
  Year 2020 complete: 139 inserted, 0 skipped, 0 errors

=== Syncing stenograms for 2019 ===

Syncing stenograms for 2019...
  Date range: 2019-04-04 to 2019-12-31
  Found 99 stenograms (delay: 0.5s)
  2019: 1 stenograms (45 speakers)
  2019: 2 stenograms (5 speakers)
  2019: 3 stenograms (1 speakers)
  2019: 4 stenograms (1 speakers)
  2019: 5 stenograms (3 speakers)
  Size check: 259.65MB / 480MB
  2019: 6 stenograms (19 speakers)
  2019: 7 stenograms (1 speakers)
  2019: 8 stenograms (254 speakers)
  2019: 9 stenograms (3 speakers)
  2019: 10 stenograms (13 speakers)
  Size check: 259.90MB / 480MB
  2019: 11 stenograms (28 speakers)
  2019: 12 stenograms (8 speakers)
  2019: 13 stenograms (7 speakers)
  2019: 14 stenograms (10 speakers)
  2019: 15 stenograms (89 speakers)
  Size check: 260.02MB / 480MB
  2019: 16 stenograms (93 speakers)
  2019: 17 stenograms (1 speakers)
  2019: 18 stenograms (3 speakers)
  2019: 19 stenograms (25 speakers)
  2019: 20 stenograms (22 speakers)
  Size check: 260.16MB / 480MB
  2019: 21 stenograms (148 speakers)
  2019: 22 stenograms (1 speakers)
  2019: 23 stenograms (67 speakers)
  2019: 24 stenograms (112 speakers)
  2019: 25 stenograms (45 speakers)
  Size check: 260.47MB / 480MB
  2019: 26 stenograms (102 speakers)
  2019: 27 stenograms (64 speakers)
  2019: 28 stenograms (206 speakers)
  2019: 29 stenograms (513 speakers)
  2019: 30 stenograms (82 speakers)
  Size check: 261.19MB / 480MB
  2019: 31 stenograms (117 speakers)
  2019: 32 stenograms (6 speakers)
  2019: 33 stenograms (7 speakers)
  2019: 34 stenograms (2 speakers)
  2019: 35 stenograms (129 speakers)
  Size check: 261.41MB / 480MB
  2019: 36 stenograms (102 speakers)
  2019: 37 stenograms (229 speakers)
  2019: 38 stenograms (35 speakers)
  2019: 39 stenograms (261 speakers)
  2019: 40 stenograms (15 speakers)
  Size check: 261.96MB / 480MB
  2019: 41 stenograms (164 speakers)
  2019: 42 stenograms (114 speakers)
  2019: 43 stenograms (10 speakers)
  2019: 44 stenograms (3 speakers)
  2019: 45 stenograms (65 speakers)
  Size check: 262.31MB / 480MB
  2019: 46 stenograms (142 speakers)
  2019: 47 stenograms (119 speakers)
  2019: 48 stenograms (1 speakers)
  2019: 49 stenograms (1 speakers)
  2019: 50 stenograms (147 speakers)
  Size check: 262.64MB / 480MB
  2019: 51 stenograms (216 speakers)
  2019: 52 stenograms (122 speakers)
  2019: 53 stenograms (214 speakers)
  2019: 54 stenograms (146 speakers)
  2019: 55 stenograms (59 speakers)
  Size check: 263.35MB / 480MB
  2019: 56 stenograms (108 speakers)
  2019: 57 stenograms (108 speakers)
  2019: 58 stenograms (206 speakers)
  2019: 59 stenograms (137 speakers)
  2019: 60 stenograms (7 speakers)
  Size check: 263.99MB / 480MB
  2019: 61 stenograms (197 speakers)
  2019: 62 stenograms (148 speakers)
  2019: 63 stenograms (11 speakers)
  2019: 64 stenograms (6 speakers)
  2019: 65 stenograms (188 speakers)
  Size check: 264.50MB / 480MB
  2019: 66 stenograms (99 speakers)
  2019: 67 stenograms (117 speakers)
  2019: 68 stenograms (298 speakers)
  2019: 69 stenograms (17 speakers)
  2019: 70 stenograms (63 speakers)
  Size check: 265.07MB / 480MB
  2019: 71 stenograms (80 speakers)
  2019: 72 stenograms (101 speakers)
  2019: 73 stenograms (183 speakers)
  2019: 74 stenograms (94 speakers)
  2019: 75 stenograms (44 speakers)
  Size check: 265.51MB / 480MB
  2019: 76 stenograms (173 speakers)
  2019: 77 stenograms (93 speakers)
  2019: 78 stenograms (555 speakers)
  2019: 79 stenograms (309 speakers)
  2019: 80 stenograms (43 speakers)
  Size check: 266.50MB / 480MB
  2019: 81 stenograms (119 speakers)
  2019: 82 stenograms (129 speakers)
  2019: 83 stenograms (58 speakers)
  2019: 84 stenograms (59 speakers)
  2019: 85 stenograms (259 speakers)
  Size check: 267.14MB / 480MB
  2019: 86 stenograms (153 speakers)
  2019: 87 stenograms (140 speakers)
  2019: 88 stenograms (307 speakers)
  2019: 89 stenograms (124 speakers)
  2019: 90 stenograms (13 speakers)
  Size check: 267.81MB / 480MB
  2019: 91 stenograms (90 speakers)
  2019: 92 stenograms (99 speakers)
  2019: 93 stenograms (191 speakers)
  2019: 94 stenograms (119 speakers)
  2019: 95 stenograms (111 speakers)
  Size check: 268.50MB / 480MB
  2019: 96 stenograms (156 speakers)
  2019: 97 stenograms (125 speakers)
  2019: 98 stenograms (7 speakers)
  2019: 99 stenograms (69 speakers)
  Year 2019 complete: 99 inserted, 0 skipped, 0 errors

=== Generating embeddings ===
Starting embedding generation (using Voyage AI voyage-multilingual-2)...

Generating embeddings for 500 votings...
  Processed 10/500 votings (API calls: 1, ~0K tokens)
